[2021-11-16 14:28:04.986] [exthost] [info] extension host started
[2021-11-16 14:28:05.020] [exthost] [info] ExtensionService#_doActivateExtension vscode.debug-auto-launch {"startup":true,"extensionId":{"value":"vscode.debug-auto-launch","_lower":"vscode.debug-auto-launch"},"activationEvent":"*"}
[2021-11-16 14:28:05.021] [exthost] [info] ExtensionService#loadCommonJSModule file:///var/www/html/.vscode-server/bin/26076a4de974ead31f97692a0d32f90d735645c0/extensions/debug-auto-launch/dist/extension
[2021-11-16 14:28:05.025] [exthost] [info] ExtensionService#_doActivateExtension vscode.emmet {"startup":true,"extensionId":{"value":"vscode.emmet","_lower":"vscode.emmet"},"activationEvent":"*"}
[2021-11-16 14:28:05.025] [exthost] [info] ExtensionService#loadCommonJSModule file:///var/www/html/.vscode-server/bin/26076a4de974ead31f97692a0d32f90d735645c0/extensions/emmet/dist/extension
[2021-11-16 14:28:05.047] [exthost] [info] ExtensionService#_doActivateExtension vscode.git {"startup":true,"extensionId":{"value":"vscode.git","_lower":"vscode.git"},"activationEvent":"*"}
[2021-11-16 14:28:05.047] [exthost] [info] ExtensionService#loadCommonJSModule file:///var/www/html/.vscode-server/bin/26076a4de974ead31f97692a0d32f90d735645c0/extensions/git/dist/main
[2021-11-16 14:28:05.089] [exthost] [info] ExtensionService#_doActivateExtension vscode.merge-conflict {"startup":true,"extensionId":{"value":"vscode.merge-conflict","_lower":"vscode.merge-conflict"},"activationEvent":"*"}
[2021-11-16 14:28:05.089] [exthost] [info] ExtensionService#loadCommonJSModule file:///var/www/html/.vscode-server/bin/26076a4de974ead31f97692a0d32f90d735645c0/extensions/merge-conflict/dist/extension
[2021-11-16 14:28:05.092] [exthost] [info] ExtensionService#_doActivateExtension vscode.search-result {"startup":true,"extensionId":{"value":"vscode.search-result","_lower":"vscode.search-result"},"activationEvent":"*"}
[2021-11-16 14:28:05.092] [exthost] [info] ExtensionService#loadCommonJSModule file:///var/www/html/.vscode-server/bin/26076a4de974ead31f97692a0d32f90d735645c0/extensions/search-result/dist/extension.js
[2021-11-16 14:28:05.098] [exthost] [info] eager extensions activated
[2021-11-16 14:37:20.482] [exthost] [info] ExtensionService#_doActivateExtension vscode.extension-editing {"startup":false,"extensionId":{"value":"vscode.extension-editing","_lower":"vscode.extension-editing"},"activationEvent":"onLanguage:markdown"}
[2021-11-16 14:37:20.482] [exthost] [info] ExtensionService#loadCommonJSModule file:///var/www/html/.vscode-server/bin/26076a4de974ead31f97692a0d32f90d735645c0/extensions/extension-editing/dist/extension
[2021-11-16 14:37:20.516] [exthost] [info] ExtensionService#_doActivateExtension vscode.markdown-language-features {"startup":false,"extensionId":{"value":"vscode.markdown-language-features","_lower":"vscode.markdown-language-features"},"activationEvent":"onLanguage:markdown"}
[2021-11-16 14:37:20.517] [exthost] [info] ExtensionService#loadCommonJSModule file:///var/www/html/.vscode-server/bin/26076a4de974ead31f97692a0d32f90d735645c0/extensions/markdown-language-features/dist/extension
[2021-11-16 14:37:20.576] [exthost] [info] ExtensionService#_doActivateExtension vscode.css-language-features {"startup":false,"extensionId":{"value":"vscode.css-language-features","_lower":"vscode.css-language-features"},"activationEvent":"onLanguage:css"}
[2021-11-16 14:37:20.577] [exthost] [info] ExtensionService#loadCommonJSModule file:///var/www/html/.vscode-server/bin/26076a4de974ead31f97692a0d32f90d735645c0/extensions/css-language-features/client/dist/cssMain
[2021-11-16 14:37:20.596] [exthost] [info] ExtensionService#_doActivateExtension vscode.typescript-language-features {"startup":false,"extensionId":{"value":"vscode.typescript-language-features","_lower":"vscode.typescript-language-features"},"activationEvent":"onLanguage:javascript"}
[2021-11-16 14:37:20.596] [exthost] [info] ExtensionService#loadCommonJSModule file:///var/www/html/.vscode-server/bin/26076a4de974ead31f97692a0d32f90d735645c0/extensions/typescript-language-features/dist/extension
[2021-11-16 14:37:20.625] [exthost] [info] ExtensionService#_doActivateExtension vscode.configuration-editing {"startup":false,"extensionId":{"value":"vscode.configuration-editing","_lower":"vscode.configuration-editing"},"activationEvent":"onLanguage:json"}
[2021-11-16 14:37:20.625] [exthost] [info] ExtensionService#loadCommonJSModule file:///var/www/html/.vscode-server/bin/26076a4de974ead31f97692a0d32f90d735645c0/extensions/configuration-editing/dist/extension
[2021-11-16 14:37:20.628] [exthost] [info] ExtensionService#_doActivateExtension vscode.json-language-features {"startup":false,"extensionId":{"value":"vscode.json-language-features","_lower":"vscode.json-language-features"},"activationEvent":"onLanguage:json"}
[2021-11-16 14:37:20.629] [exthost] [info] ExtensionService#loadCommonJSModule file:///var/www/html/.vscode-server/bin/26076a4de974ead31f97692a0d32f90d735645c0/extensions/json-language-features/client/dist/jsonMain
[2021-11-16 14:37:20.657] [exthost] [info] ExtensionService#_doActivateExtension vscode.npm {"startup":false,"extensionId":{"value":"vscode.npm","_lower":"vscode.npm"},"activationEvent":"onLanguage:json"}
[2021-11-16 14:37:20.657] [exthost] [info] ExtensionService#loadCommonJSModule file:///var/www/html/.vscode-server/bin/26076a4de974ead31f97692a0d32f90d735645c0/extensions/npm/dist/main
[2021-11-16 14:37:20.667] [exthost] [info] ExtensionService#_doActivateExtension vscode.html-language-features {"startup":false,"extensionId":{"value":"vscode.html-language-features","_lower":"vscode.html-language-features"},"activationEvent":"onLanguage:html"}
[2021-11-16 14:37:20.667] [exthost] [info] ExtensionService#loadCommonJSModule file:///var/www/html/.vscode-server/bin/26076a4de974ead31f97692a0d32f90d735645c0/extensions/html-language-features/client/dist/htmlMain
[2021-11-16 15:14:16.260] [exthost] [info] ExtensionService#_doActivateExtension vscode.php-language-features {"startup":false,"extensionId":{"value":"vscode.php-language-features","_lower":"vscode.php-language-features"},"activationEvent":"onLanguage:php"}
[2021-11-16 15:14:16.261] [exthost] [info] ExtensionService#loadCommonJSModule file:///var/www/html/.vscode-server/bin/26076a4de974ead31f97692a0d32f90d735645c0/extensions/php-language-features/dist/phpMain
